RUN	util.LoginSimulation		loginsimulation	1498805433012	 	2.0
USER	LoginLogout by MollyEdwards on tenant manufacturing	1	START	1498805433408	1498805433408
USER	LoginLogout by HenryJamieson on tenant healthcare	2	START	1498805433432	1498805433432
USER	LoginLogout by PointyheadBoss on tenant healthcare	3	START	1498805433438	1498805433438
USER	LoginLogout by DavidReyes on tenant manufacturing	4	START	1498805433438	1498805433438
USER	LoginLogout by MarkEdwards on tenant manufacturing	5	START	1498805433445	1498805433445
USER	LoginLogout by PointyheadBoss on tenant manufacturing	6	START	1498805433445	1498805433445
USER	LoginLogout by NancyMartin67 on tenant healthcare	7	START	1498805433446	1498805433446
USER	LoginLogout by NancyMartin on tenant healthcare	8	START	1498805433446	1498805433446
USER	LoginLogout by SeanIvan on tenant healthcare	9	START	1498805433446	1498805433446
USER	LoginLogout by SeanIvan on tenant manufacturing	10	START	1498805433447	1498805433447
USER	LoginLogout by CindyMartin on tenant healthcare	11	START	1498805433447	1498805433447
USER	LoginLogout by PeterEdwards on tenant manufacturing	12	START	1498805433447	1498805433447
USER	LoginLogout by HollyIvan on tenant manufacturing	13	START	1498805433448	1498805433448
USER	LoginLogout by JustinWelch on tenant manufacturing	14	START	1498805433448	1498805433448
USER	LoginLogout by MichaelMartin on tenant manufacturing	15	START	1498805433448	1498805433448
USER	LoginLogout by HollyIvan on tenant healthcare	16	START	1498805433448	1498805433448
USER	LoginLogout by JacquelineSnyder on tenant manufacturing	17	START	1498805433449	1498805433449
USER	LoginLogout by SaraGriffin on tenant manufacturing	18	START	1498805433449	1498805433449
USER	LoginLogout by KevinWheeler on tenant manufacturing	19	START	1498805433450	1498805433450
USER	LoginLogout by SysAdmin on tenant healthcare	20	START	1498805433450	1498805433450
REQUEST	LoginLogout by NancyMartin67 on tenant healthcare	7		openAMLogin-healthcare-NancyMartin67	1498805433446	1498805433583	OK	 
REQUEST	LoginLogout by PointyheadBoss on tenant manufacturing	6		openAMLogin-manufacturing-PointyheadBoss	1498805433445	1498805433586	OK	 
REQUEST	LoginLogout by NancyMartin on tenant healthcare	8		openAMLogin-healthcare-NancyMartin	1498805433446	1498805433556	OK	 
REQUEST	LoginLogout by CindyMartin on tenant healthcare	11		openAMLogin-healthcare-CindyMartin	1498805433447	1498805433581	OK	 
REQUEST	LoginLogout by SysAdmin on tenant healthcare	20		openAMLogin-healthcare-SysAdmin	1498805433450	1498805433594	OK	 
REQUEST	LoginLogout by MollyEdwards on tenant manufacturing	1		openAMLogin-manufacturing-MollyEdwards	1498805433423	1498805433531	OK	 
REQUEST	LoginLogout by SeanIvan on tenant manufacturing	10		openAMLogin-manufacturing-SeanIvan	1498805433447	1498805433555	OK	 
REQUEST	LoginLogout by MarkEdwards on tenant manufacturing	5		openAMLogin-manufacturing-MarkEdwards	1498805433445	1498805433560	OK	 
REQUEST	LoginLogout by HollyIvan on tenant healthcare	16		openAMLogin-healthcare-HollyIvan	1498805433449	1498805433621	OK	 
REQUEST	LoginLogout by SaraGriffin on tenant manufacturing	18		openAMLogin-manufacturing-SaraGriffin	1498805433449	1498805433622	OK	 
REQUEST	LoginLogout by DavidReyes on tenant manufacturing	4		openAMLogin-manufacturing-DavidReyes	1498805433439	1498805433623	OK	 
REQUEST	LoginLogout by HenryJamieson on tenant healthcare	2		openAMLogin-healthcare-HenryJamieson	1498805433432	1498805433624	OK	 
REQUEST	LoginLogout by PointyheadBoss on tenant healthcare	3		openAMLogin-healthcare-PointyheadBoss	1498805433438	1498805433624	OK	 
REQUEST	LoginLogout by PeterEdwards on tenant manufacturing	12		openAMLogin-manufacturing-PeterEdwards	1498805433447	1498805433625	OK	 
REQUEST	LoginLogout by MichaelMartin on tenant manufacturing	15		openAMLogin-manufacturing-MichaelMartin	1498805433448	1498805433626	OK	 
REQUEST	LoginLogout by JustinWelch on tenant manufacturing	14		openAMLogin-manufacturing-JustinWelch	1498805433448	1498805433621	OK	 
REQUEST	LoginLogout by KevinWheeler on tenant manufacturing	19		openAMLogin-manufacturing-KevinWheeler	1498805433450	1498805433629	OK	 
REQUEST	LoginLogout by SeanIvan on tenant healthcare	9		openAMLogin-healthcare-SeanIvan	1498805433446	1498805433630	OK	 
REQUEST	LoginLogout by JacquelineSnyder on tenant manufacturing	17		openAMLogin-manufacturing-JacquelineSnyder	1498805433449	1498805433632	OK	 
REQUEST	LoginLogout by HollyIvan on tenant manufacturing	13		openAMLogin-manufacturing-HollyIvan	1498805433448	1498805433635	OK	 
REQUEST	LoginLogout by NancyMartin on tenant healthcare	8		openAMTokenValidate	1498805433618	1498805433678	OK	 
REQUEST	LoginLogout by SeanIvan on tenant manufacturing	10		openAMTokenValidate	1498805433620	1498805433686	OK	 
REQUEST	LoginLogout by SysAdmin on tenant healthcare	20		openAMTokenValidate	1498805433621	1498805433686	OK	 
REQUEST	LoginLogout by NancyMartin67 on tenant healthcare	7		openAMTokenValidate	1498805433620	1498805433678	OK	 
REQUEST	LoginLogout by MichaelMartin on tenant manufacturing	15		openAMTokenValidate	1498805433627	1498805433688	OK	 
REQUEST	LoginLogout by MollyEdwards on tenant manufacturing	1		openAMTokenValidate	1498805433628	1498805433688	OK	 
REQUEST	LoginLogout by SaraGriffin on tenant manufacturing	18		openAMTokenValidate	1498805433623	1498805433687	OK	 
REQUEST	LoginLogout by HollyIvan on tenant healthcare	16		openAMTokenValidate	1498805433623	1498805433688	OK	 
REQUEST	LoginLogout by DavidReyes on tenant manufacturing	4		openAMTokenValidate	1498805433624	1498805433687	OK	 
REQUEST	LoginLogout by HenryJamieson on tenant healthcare	2		openAMTokenValidate	1498805433625	1498805433717	OK	 
REQUEST	LoginLogout by PeterEdwards on tenant manufacturing	12		openAMTokenValidate	1498805433626	1498805433718	OK	 
REQUEST	LoginLogout by JacquelineSnyder on tenant manufacturing	17		openAMTokenValidate	1498805433633	1498805433719	OK	 
REQUEST	LoginLogout by SeanIvan on tenant healthcare	9		openAMTokenValidate	1498805433631	1498805433720	OK	 
REQUEST	LoginLogout by HollyIvan on tenant manufacturing	13		openAMTokenValidate	1498805433636	1498805433722	OK	 
REQUEST	LoginLogout by MarkEdwards on tenant manufacturing	5		openAMTokenValidate	1498805433634	1498805433723	OK	 
REQUEST	LoginLogout by CindyMartin on tenant healthcare	11		openAMTokenValidate	1498805433621	1498805433724	OK	 
REQUEST	LoginLogout by PointyheadBoss on tenant healthcare	3		openAMTokenValidate	1498805433625	1498805433725	OK	 
REQUEST	LoginLogout by KevinWheeler on tenant manufacturing	19		openAMTokenValidate	1498805433630	1498805433725	OK	 
REQUEST	LoginLogout by PointyheadBoss on tenant manufacturing	6		openAMTokenValidate	1498805433618	1498805433725	OK	 
REQUEST	LoginLogout by JustinWelch on tenant manufacturing	14		openAMTokenValidate	1498805433627	1498805433733	OK	 
REQUEST	LoginLogout by HollyIvan on tenant manufacturing	13		openAMLogout	1498805433722	1498805433780	OK	 
REQUEST	LoginLogout by SysAdmin on tenant healthcare	20		openAMLogout	1498805433687	1498805433747	OK	 
REQUEST	LoginLogout by PointyheadBoss on tenant healthcare	3		openAMLogout	1498805433725	1498805433782	OK	 
REQUEST	LoginLogout by MollyEdwards on tenant manufacturing	1		openAMLogout	1498805433689	1498805433778	OK	 
USER	LoginLogout by PointyheadBoss on tenant healthcare	3	END	1498805433438	1498805433785
USER	LoginLogout by HollyIvan on tenant manufacturing	13	END	1498805433448	1498805433785
USER	LoginLogout by SysAdmin on tenant healthcare	20	END	1498805433450	1498805433785
USER	LoginLogout by MollyEdwards on tenant manufacturing	1	END	1498805433408	1498805433785
REQUEST	LoginLogout by MarkEdwards on tenant manufacturing	5		openAMLogout	1498805433723	1498805433786	OK	 
REQUEST	LoginLogout by CindyMartin on tenant healthcare	11		openAMLogout	1498805433724	1498805433786	OK	 
USER	LoginLogout by CindyMartin on tenant healthcare	11	END	1498805433447	1498805433787
USER	LoginLogout by MarkEdwards on tenant manufacturing	5	END	1498805433445	1498805433787
REQUEST	LoginLogout by NancyMartin on tenant healthcare	8		openAMLogout	1498805433685	1498805433747	OK	 
USER	LoginLogout by NancyMartin on tenant healthcare	8	END	1498805433446	1498805433787
REQUEST	LoginLogout by KevinWheeler on tenant manufacturing	19		openAMLogout	1498805433726	1498805433787	OK	 
REQUEST	LoginLogout by SeanIvan on tenant manufacturing	10		openAMLogout	1498805433686	1498805433747	OK	 
USER	LoginLogout by KevinWheeler on tenant manufacturing	19	END	1498805433450	1498805433788
USER	LoginLogout by SeanIvan on tenant manufacturing	10	END	1498805433447	1498805433788
REQUEST	LoginLogout by NancyMartin67 on tenant healthcare	7		openAMLogout	1498805433687	1498805433747	OK	 
REQUEST	LoginLogout by DavidReyes on tenant manufacturing	4		openAMLogout	1498805433716	1498805433785	OK	 
USER	LoginLogout by DavidReyes on tenant manufacturing	4	END	1498805433438	1498805433788
USER	LoginLogout by NancyMartin67 on tenant healthcare	7	END	1498805433446	1498805433788
REQUEST	LoginLogout by PeterEdwards on tenant manufacturing	12		openAMLogout	1498805433718	1498805433788	OK	 
REQUEST	LoginLogout by SaraGriffin on tenant manufacturing	18		openAMLogout	1498805433716	1498805433788	OK	 
USER	LoginLogout by PeterEdwards on tenant manufacturing	12	END	1498805433447	1498805433789
USER	LoginLogout by SaraGriffin on tenant manufacturing	18	END	1498805433449	1498805433789
REQUEST	LoginLogout by MichaelMartin on tenant manufacturing	15		openAMLogout	1498805433688	1498805433789	OK	 
REQUEST	LoginLogout by JacquelineSnyder on tenant manufacturing	17		openAMLogout	1498805433720	1498805433788	OK	 
REQUEST	LoginLogout by PointyheadBoss on tenant manufacturing	6		openAMLogout	1498805433732	1498805433789	OK	 
USER	LoginLogout by MichaelMartin on tenant manufacturing	15	END	1498805433448	1498805433790
USER	LoginLogout by PointyheadBoss on tenant manufacturing	6	END	1498805433445	1498805433790
USER	LoginLogout by JacquelineSnyder on tenant manufacturing	17	END	1498805433449	1498805433790
REQUEST	LoginLogout by SeanIvan on tenant healthcare	9		openAMLogout	1498805433721	1498805433791	OK	 
REQUEST	LoginLogout by HenryJamieson on tenant healthcare	2		openAMLogout	1498805433718	1498805433789	OK	 
USER	LoginLogout by SeanIvan on tenant healthcare	9	END	1498805433446	1498805433792
USER	LoginLogout by HenryJamieson on tenant healthcare	2	END	1498805433432	1498805433792
REQUEST	LoginLogout by HollyIvan on tenant healthcare	16		openAMLogout	1498805433717	1498805433793	OK	 
USER	LoginLogout by HollyIvan on tenant healthcare	16	END	1498805433448	1498805433794
REQUEST	LoginLogout by JustinWelch on tenant manufacturing	14		openAMLogout	1498805433752	1498805433820	OK	 
USER	LoginLogout by JustinWelch on tenant manufacturing	14	END	1498805433448	1498805433821
