GATLING_HOME is set to /home/stn/Downloads/gatling-charts-highcharts-bundle-2.2.2
@JdbcFeederBulk; columnLabels=Vector(weight, entity) *** expect Vector(weight, entity) ***
@JdbcFeederBulk; columnLabels=Vector(weight, entity) *** expect Vector(weight, entity) ***
03:06:04.935 [INFO ] i.g.h.a.HttpEngine - Start warm up
03:06:05.065 [INFO ] i.g.h.a.HttpEngine - Warm up done
Simulation scheduling.schedule.MultiReadDesktopSimulation started...
@MultiReadHelper.common; start - 
@MultiReadHelper.common;   tokenId=AQIC5wM2LY4Sfcys2fZBubd2l9lg73ftMp_qVoJjgqLHs6Q.*AAJTSQACMDEAAlNLABMxMDIxMDE4Mjg4NjI4ODIzMzIxAAJTMQAA*
@MultiReadHelper.common;   simulationName=desktop_28d
@MultiReadHelper.common;   startDate=2017-06-25
@MultiReadHelper.common;   endDate=2017-07-22
@MultiReadHelper.chainBuilder; desktop_28d [2017-06-25 2017-07-22] ees. payload: 10 no. of shifts: 133
@MultiReadHelper.chainBuilder; desktop_28d [2017-06-25 2017-07-22] ees. payload: 15 no. of shifts: 239
@MultiReadHelper.chainBuilder; desktop_28d [2017-06-25 2017-07-22] ees. payload: 20 no. of shifts: 323
@MultiReadHelper.chainBuilder; desktop_28d [2017-06-25 2017-07-22] ees. payload: 25 no. of shifts: 392
@MultiReadHelper.chainBuilder; desktop_28d [2017-06-25 2017-07-22] ees. payload: 15 no. of shifts: 235
03:06:08.122 [ERROR] i.g.c.a.SingletonFeed - Injection failed: Feeder is now empty, stopping engine, please report.
@MultiReadHelper.chainBuilder; desktop_28d [2017-06-25 2017-07-22] ees. payload: 15 no. of shifts: 235

================================================================================
2017-06-30 03:06:08                                           3s elapsed
---- multiRead desktop viewport by PointyheadBoss ------------------------------
[--------------------------------------------------------------------------]  0%
          waiting: 0      / active: 1      / done:0     
---- Requests ------------------------------------------------------------------
> Global                                                   (OK=7      KO=0     )
> openAMLogin-healthcare-PointyheadBoss                    (OK=1      KO=0     )
> openAMTokenValidate                                      (OK=1      KO=0     )
> scheduleMultiRead                                        (OK=5      KO=0     )
================================================================================

Simulation scheduling.schedule.MultiReadDesktopSimulation completed in 3 seconds
Exception in thread "main" java.lang.IllegalStateException: Feeder is now empty, stopping engine
	at io.gatling.core.action.SingletonFeed$$anonfun$receive$1.applyOrElse(SingletonFeed.scala:61)
	at akka.actor.Actor$class.aroundReceive(Actor.scala:484)
	at io.gatling.core.akka.BaseActor.aroundReceive(BaseActor.scala:23)
	at akka.actor.ActorCell.receiveMessage(ActorCell.scala:526)
	at akka.actor.ActorCell.invoke(ActorCell.scala:495)
	at akka.dispatch.Mailbox.processMailbox(Mailbox.scala:257)
	at akka.dispatch.Mailbox.run(Mailbox.scala:224)
	at akka.dispatch.Mailbox.exec(Mailbox.scala:234)
	at scala.concurrent.forkjoin.ForkJoinTask.doExec(ForkJoinTask.java:260)
	at scala.concurrent.forkjoin.ForkJoinPool$WorkQueue.runTask(ForkJoinPool.java:1339)
	at scala.concurrent.forkjoin.ForkJoinPool.runWorker(ForkJoinPool.java:1979)
	at scala.concurrent.forkjoin.ForkJoinWorkerThread.run(ForkJoinWorkerThread.java:107)
==========
last=/home/stn/Downloads/gatling-charts-highcharts-bundle-2.2.2/results/multireaddesktopsimulation-1498806364725
CACHEDIR is set to '/home/stn/cache/cxseed'
Copy the results in CACHEDIR
==========
